core.init: Checking for fconfig files in pwd and ./rosetta/flags 
core.init: Rosetta version: rosetta.source.release-247 r247 2020.08+release.cb1caba cb1cabafd7463ab703f6abf5efa33d2707b85924 https://www.rosettacommons.org 2020-02-22T18:49:33.865989
core.init: command: /home/limcaoco/rosetta/rosetta3.12/main/source/bin/energy_based_clustering.default.linuxgccrelease -in:file:l /scratch/ave_root/ave0/limcaoco/flex_dock_MTDAF_McdA_01_12_2022/pdbs/top_1000_list -cluster:energy_based_clustering:silent_output -cluster:energy_based_clustering:cluster_radius 3.0 -cluster:energy_based_clustering:cluster_by bb_cartesian
basic.random.init_random_generator: 'RNG device' seed mode, using '/dev/urandom', seed=-1453546014 seed_offset=0 real_seed=-1453546014
basic.random.init_random_generator: RandomGenerator:init: Normal mode, seed=-1453546014 RG_type=mt19937
core.init: Resolved executable path: /home/limcaoco/rosetta/rosetta3.12/main/source/build/src/release/linux/3.10/64/x86/gcc/4.8/default/energy_based_clustering.default.linuxgccrelease
core.init: Looking for database based on location of executable: /home/limcaoco/rosetta/rosetta3.12/main/database/
apps.public.clustering.energy_based_clustering: Starting energy_based_clustering application.
apps.public.clustering.energy_based_clustering: This application was first called "bettercluster", and was created on 6 May 2013 by Vikram K. Mulligan (vmullig@uw.edu).
apps.public.clustering.energy_based_clustering: It was upgraded to a public application on 18 July 2017.
apps.public.clustering.energy_based_clustering: 
************************************************************************************
IF YOU USE THIS APPLICATION, PLEASE CITE:
Hosseinzadeh P., Bhardwaj G., Mulligan V.K., et al.  (2017).  Comprehensive computational design of ordered peptide macrocycles.  Science 358(6369):1461-6.
************************************************************************************
core.scoring.ScoreFunctionFactory: SCOREFUNCTION: ref2015
core.scoring.etable: Starting energy table calculation
core.scoring.etable: smooth_etable: changing atr/rep split to bottom of energy well
core.scoring.etable: smooth_etable: spline smoothing lj etables (maxdis = 6)
core.scoring.etable: smooth_etable: spline smoothing solvation etables (max_dis = 6)
core.scoring.etable: Finished calculating energy tables.
basic.io.database: Database file opened: scoring/score_functions/hbonds/ref2015_params/HBPoly1D.csv
basic.io.database: Database file opened: scoring/score_functions/hbonds/ref2015_params/HBFadeIntervals.csv
basic.io.database: Database file opened: scoring/score_functions/hbonds/ref2015_params/HBEval.csv
basic.io.database: Database file opened: scoring/score_functions/hbonds/ref2015_params/DonStrength.csv
basic.io.database: Database file opened: scoring/score_functions/hbonds/ref2015_params/AccStrength.csv
core.chemical.GlobalResidueTypeSet: Finished initializing fa_standard residue type set.  Created 980 residue types
core.chemical.GlobalResidueTypeSet: Total time to initialize 0.89 seconds.
basic.io.database: Database file opened: scoring/score_functions/rama/fd/all.ramaProb
basic.io.database: Database file opened: scoring/score_functions/rama/fd/prepro.ramaProb
basic.io.database: Database file opened: scoring/score_functions/omega/omega_ppdep.all.txt
basic.io.database: Database file opened: scoring/score_functions/omega/omega_ppdep.gly.txt
basic.io.database: Database file opened: scoring/score_functions/omega/omega_ppdep.pro.txt
basic.io.database: Database file opened: scoring/score_functions/omega/omega_ppdep.valile.txt
basic.io.database: Database file opened: scoring/score_functions/P_AA_pp/P_AA
basic.io.database: Database file opened: scoring/score_functions/P_AA_pp/P_AA_n
core.scoring.P_AA: shapovalov_lib::shap_p_aa_pp_smooth_level of 1( aka low_smooth ) got activated.
basic.io.database: Database file opened: scoring/score_functions/P_AA_pp/shapovalov/10deg/kappa131/a20.prop
protocols.cluster.energy_based_clustering.EnergyBasedClusteringProtocol: Using a cluster radius of 3 Angstroms.
protocols.cluster.energy_based_clustering.EnergyBasedClusteringProtocol: Scoring energies of all input structures.
core.import_pose.import_pose: [ ERROR ] File: MTDAF_pep_McdA_1_30960103_0362 not found!
